<?xml version="1.0" encoding="UTF-8"?>
<!-- Generated by org.testng.reporters.JUnitReportReporter -->
<testsuite hostname="TYC1221031" failures="0" tests="13" name="pgms.Collection" time="0.027" errors="0" timestamp="2023-08-29T15:39:40 IST" skipped="0">
  <testcase classname="pgms.Collection" name="linkedList" time="0.001"/>
  <system-out/>
  <testcase classname="pgms.Collection" name="arrayList" time="0.006"/>
  <system-out/>
  <testcase classname="pgms.Collection" name="linkedHashSet" time="0.000"/>
  <system-out/>
  <testcase classname="pgms.Collection" name="hashTable" time="0.002"/>
  <system-out/>
  <testcase classname="pgms.Collection" name="hashMap" time="0.001"/>
  <system-out/>
  <testcase classname="pgms.Collection" name="treeMap" time="0.001"/>
  <system-out/>
  <testcase classname="pgms.Collection" name="treeSet" time="0.003"/>
  <system-out/>
  <testcase classname="pgms.Collection" name="linkedHashMap" time="0.001"/>
  <system-out/>
  <testcase classname="pgms.Collection" name="hashSet" time="0.002"/>
  <system-out/>
  <testcase classname="pgms.Collection" name="stackClass" time="0.001"/>
  <system-out/>
  <testcase classname="pgms.Collection" name="usageOfCollectionInSelenium" time="0.000"/>
  <system-out/>
  <testcase classname="pgms.Collection" name="sortedSet" time="0.001"/>
  <system-out/>
  <testcase classname="pgms.Collection" name="priorityQueue" time="0.008"/>
  <system-out/>
</testsuite> <!-- pgms.Collection -->
