<?xml version="1.0" encoding="UTF-8"?>
<!-- Generated by org.testng.reporters.JUnitReportReporter -->
<testsuite hostname="TYC1221031" failures="0" tests="1" name="pgms.Integers" time="0.010" errors="0" timestamp="2023-08-29T15:24:15 IST" skipped="0">
  <testcase classname="pgms.Integers" name="printPrimeNosFrom1to20" time="0.010"/>
  <system-out/>
</testsuite> <!-- pgms.Integers -->
