<?xml version="1.0" encoding="UTF-8"?>
<!-- Generated by org.testng.reporters.JUnitReportReporter -->
<testsuite hostname="TYC1221031" failures="0" tests="1" name="pgms_sanjay.StringPgms" time="0.010" errors="0" timestamp="2023-10-10T16:18:54 IST" skipped="0">
  <testcase classname="pgms_sanjay.StringPgms" name="occuranceOfEachCharacterInAStringUsingMap" time="0.010"/>
  <system-out/>
</testsuite> <!-- pgms_sanjay.StringPgms -->
