<?xml version="1.0" encoding="UTF-8"?>
<!-- Generated by org.testng.reporters.JUnitReportReporter -->
<testsuite hostname="TYC1221031" failures="0" tests="19" name="pgms.Patters" time="0.258" errors="0" timestamp="2023-08-30T10:36:16 IST" skipped="0">
  <testcase classname="pgms.Patters" name="pattern13" time="0.031"/>
  <system-out/>
  <testcase classname="pgms.Patters" name="pattern15" time="0.004"/>
  <system-out/>
  <testcase classname="pgms.Patters" name="pattern14" time="0.007"/>
  <system-out/>
  <testcase classname="pgms.Patters" name="pattern12" time="0.029"/>
  <system-out/>
  <testcase classname="pgms.Patters" name="pattern6" time="0.010"/>
  <system-out/>
  <testcase classname="pgms.Patters" name="pattern10" time="0.016"/>
  <system-out/>
  <testcase classname="pgms.Patters" name="pattern5" time="0.012"/>
  <system-out/>
  <testcase classname="pgms.Patters" name="pattern2" time="0.006"/>
  <system-out/>
  <testcase classname="pgms.Patters" name="pattern1" time="0.033"/>
  <system-out/>
  <testcase classname="pgms.Patters" name="pattern7" time="0.002"/>
  <system-out/>
  <testcase classname="pgms.Patters" name="pattern19" time="0.006"/>
  <system-out/>
  <testcase classname="pgms.Patters" name="pattern8" time="0.002"/>
  <system-out/>
  <testcase classname="pgms.Patters" name="pattern11" time="0.009"/>
  <system-out/>
  <testcase classname="pgms.Patters" name="pattern18" time="0.032"/>
  <system-out/>
  <testcase classname="pgms.Patters" name="pattern9" time="0.005"/>
  <system-out/>
  <testcase classname="pgms.Patters" name="pattern17" time="0.014"/>
  <system-out/>
  <testcase classname="pgms.Patters" name="pattern16" time="0.009"/>
  <system-out/>
  <testcase classname="pgms.Patters" name="pattern3" time="0.012"/>
  <system-out/>
  <testcase classname="pgms.Patters" name="pattern4" time="0.019"/>
  <system-out/>
</testsuite> <!-- pgms.Patters -->
