<?xml version="1.0" encoding="UTF-8"?>
<!-- Generated by org.testng.reporters.JUnitReportReporter -->
<testsuite hostname="TYC1221031" failures="0" tests="1" name="pgms.ArrayPgms" time="0.009" errors="0" timestamp="2023-08-24T15:31:07 IST" skipped="0">
  <testcase classname="pgms.ArrayPgms" name="positionOfEachNoInAnArrayWithoutDuplicatesUsingMap" time="0.009"/>
  <system-out/>
</testsuite> <!-- pgms.ArrayPgms -->
