<?xml version="1.0" encoding="UTF-8"?>
<!-- Generated by org.testng.reporters.JUnitReportReporter -->
<testsuite hostname="TYC1221031" failures="0" tests="1" name="pgms.Extra" time="0.015" errors="0" timestamp="2023-08-30T15:59:38 IST" skipped="0">
  <testcase classname="pgms.Extra" name="countNoOfDuplicatesInAString" time="0.015"/>
  <system-out/>
</testsuite> <!-- pgms.Extra -->
