<?xml version="1.0" encoding="UTF-8"?>
<!-- Generated by org.testng.reporters.JUnitReportReporter -->
<testsuite hostname="TYC1221031" failures="0" tests="1" name="pgms_sanjay.StringPgms" time="0.006" errors="0" timestamp="2023-10-09T15:59:13 IST" skipped="0">
  <testcase classname="pgms_sanjay.StringPgms" name="findLengthOfTheStringWoutUsingLength" time="0.006"/>
  <system-out/>
</testsuite> <!-- pgms_sanjay.StringPgms -->
